<?xml version="1.0" encoding="UTF-8"?>
<!-- Generated by org.testng.reporters.JUnitReportReporter -->
<testsuite skipped="1" hostname="LAPTOP-C134IJOH" name="com.Test_Ng.Simple_Annotations" tests="3" failures="0" timestamp="2021-10-01T21:42:09 IST" time="0.010" errors="0">
  <testcase name="earphone" time="0.007" classname="com.Test_Ng.Simple_Annotations"/>
  <system-out/>
  <testcase name="mobile" time="0.003" classname="com.Test_Ng.Simple_Annotations"/>
  <system-out/>
  <testcase name="laptop" classname="com.Test_Ng.Simple_Annotations">
    <skipped/>
  </testcase> <!-- laptop -->
  <system-out/>
</testsuite> <!-- com.Test_Ng.Simple_Annotations -->
