<?xml version="1.0" encoding="UTF-8"?>
<!-- Generated by org.testng.reporters.JUnitReportReporter -->
<testsuite skipped="0" hostname="LAPTOP-C134IJOH" name="com.Test_Ng.Mini_Project_Implentation" tests="6" failures="0" timestamp="2021-09-23T21:14:01 IST" time="54.967" errors="0">
  <testcase name="launchBrowser" time="0.009" classname="com.Test_Ng.Mini_Project_Implentation"/>
  <system-out/>
  <testcase name="launchUrl" time="13.832" classname="com.Test_Ng.Mini_Project_Implentation"/>
  <system-out/>
  <testcase name="credentials" time="7.098" classname="com.Test_Ng.Mini_Project_Implentation"/>
  <system-out/>
  <testcase name="credentials" time="5.264" classname="com.Test_Ng.Mini_Project_Implentation"/>
  <system-out/>
  <testcase name="waits" time="0.020" classname="com.Test_Ng.Mini_Project_Implentation"/>
  <system-out/>
  <testcase name="purchase" time="28.744" classname="com.Test_Ng.Mini_Project_Implentation"/>
  <system-out/>
</testsuite> <!-- com.Test_Ng.Mini_Project_Implentation -->
