<?xml version="1.0" encoding="UTF-8"?>
<!-- Generated by org.testng.reporters.JUnitReportReporter -->
<testsuite skipped="0" hostname="LAPTOP-C134IJOH" name="com.Test_Ng.Data_Provider" tests="4" failures="0" timestamp="2021-09-21T22:12:30 IST" time="0.014" errors="0">
  <testcase name="credentials" time="0.001" classname="com.Test_Ng.Data_Provider"/>
  <system-out/>
  <testcase name="credentials" time="0.003" classname="com.Test_Ng.Data_Provider"/>
  <system-out/>
  <testcase name="credentials" time="0.007" classname="com.Test_Ng.Data_Provider"/>
  <system-out/>
  <testcase name="credentials" time="0.003" classname="com.Test_Ng.Data_Provider"/>
  <system-out/>
</testsuite> <!-- com.Test_Ng.Data_Provider -->
