<?xml version="1.0" encoding="UTF-8"?>
<!-- Generated by org.testng.reporters.JUnitReportReporter -->
<testsuite skipped="0" hostname="LAPTOP-C134IJOH" name="com.Test_Ng.Grouping_Test" tests="4" failures="0" timestamp="2021-09-21T22:37:09 IST" time="0.011" errors="0">
  <testcase name="spotify" time="0.002" classname="com.Test_Ng.Grouping_Test"/>
  <system-out/>
  <testcase name="facebook" time="0.006" classname="com.Test_Ng.Grouping_Test"/>
  <system-out/>
  <testcase name="wync" time="0.002" classname="com.Test_Ng.Grouping_Test"/>
  <system-out/>
  <testcase name="twitter" time="0.001" classname="com.Test_Ng.Grouping_Test"/>
  <system-out/>
</testsuite> <!-- com.Test_Ng.Grouping_Test -->
