<?xml version="1.0" encoding="UTF-8"?>
<!-- Generated by org.testng.reporters.JUnitReportReporter -->
<testsuite skipped="0" hostname="LAPTOP-C134IJOH" name="com.Test_Ng.Priority_Test" tests="9" failures="0" timestamp="2021-09-20T18:54:30 IST" time="0.015" errors="0">
  <testcase name="dress" time="0.006" classname="com.Test_Ng.Priority_Test"/>
  <system-out/>
  <testcase name="book" time="0.002" classname="com.Test_Ng.Priority_Test"/>
  <system-out/>
  <testcase name="mobile" time="0.002" classname="com.Test_Ng.Priority_Test"/>
  <system-out/>
  <testcase name="laptop" time="0.000" classname="com.Test_Ng.Priority_Test"/>
  <system-out/>
  <testcase name="laptop" time="0.000" classname="com.Test_Ng.Priority_Test"/>
  <system-out/>
  <testcase name="laptop" time="0.001" classname="com.Test_Ng.Priority_Test"/>
  <system-out/>
  <testcase name="laptop" time="0.000" classname="com.Test_Ng.Priority_Test"/>
  <system-out/>
  <testcase name="laptop" time="0.002" classname="com.Test_Ng.Priority_Test"/>
  <system-out/>
  <testcase name="speaker" time="0.002" classname="com.Test_Ng.Priority_Test"/>
  <system-out/>
</testsuite> <!-- com.Test_Ng.Priority_Test -->
