<?xml version="1.0" encoding="UTF-8"?>
<!-- Generated by org.testng.reporters.JUnitReportReporter -->
<testsuite skipped="0" hostname="LAPTOP-C134IJOH" name="com.Test_Ng.Excepted_Exception" tests="1" failures="0" timestamp="2021-09-20T22:08:37 IST" time="0.000" errors="0">
  <testcase name="exception" time="0.000" classname="com.Test_Ng.Excepted_Exception"/>
  <system-out/>
</testsuite> <!-- com.Test_Ng.Excepted_Exception -->
