<?xml version="1.0" encoding="UTF-8"?>
<!-- Generated by org.testng.reporters.JUnitReportReporter -->
<testsuite skipped="0" hostname="LAPTOP-C134IJOH" name="com.Test_Ng.Assert_Concept" tests="1" failures="0" timestamp="2021-10-01T22:57:17 IST" time="0.008" errors="0">
  <testcase name="data_Validation" time="0.008" classname="com.Test_Ng.Assert_Concept"/>
  <system-out/>
</testsuite> <!-- com.Test_Ng.Assert_Concept -->
