<?xml version="1.0" encoding="UTF-8"?>
<!-- Generated by org.testng.reporters.JUnitReportReporter -->
<testsuite skipped="0" hostname="LAPTOP-C134IJOH" name="com.Test_Ng.Timeout_Feature" tests="1" failures="0" timestamp="2021-09-20T21:59:23 IST" time="3.012" errors="0">
  <testcase name="logIn" time="3.012" classname="com.Test_Ng.Timeout_Feature"/>
  <system-out/>
</testsuite> <!-- com.Test_Ng.Timeout_Feature -->
